14:29:46 **** Incremental Build of configuration Debug for project funciona_una_direccion_conmutacion_mala ****
make -j16 all 
arm-none-eabi-gcc "../Core/Src/state_machine.c" -mcpu=cortex-m3 -std=gnu18 -g3 -DDEBUG -DUSE_HAL_DRIVER -DSTM32F103xB -c -I../Core/Inc -I../Drivers/STM32F1xx_HAL_Driver/Inc/Legacy -I../Drivers/STM32F1xx_HAL_Driver/Inc -I../Drivers/CMSIS/Device/ST/STM32F1xx/Include -I../Drivers/CMSIS/Include -O0 -ffunction-sections -fdata-sections -Wall -fstack-usage -fcyclomatic-complexity -MMD -MP -MF"Core/Src/state_machine.d" -MT"Core/Src/state_machine.o" --specs=nano.specs -mfloat-abi=soft -mthumb -o "Core/Src/state_machine.o"
../Core/Src/state_machine.c:19:13: warning: initialization discards 'volatile' qualifier from pointer target type [-Wdiscarded-qualifiers]
   19 |   {RUNNING, &eventFlag, 1},
      |             ^
arm-none-eabi-gcc -o "funciona_una_direccion_conmutacion_mala.elf" @"objects.list"   -mcpu=cortex-m3 -T"K:\repositorio\sensorlessESC_MyEP_CASTEL\PRUEBAS_ASINCRONO\funcionando_sincronico_v2\STM32F103C8TX_FLASH.ld" --specs=nosys.specs -Wl,-Map="funciona_una_direccion_conmutacion_mala.map" -Wl,--gc-sections -static --specs=nano.specs -mfloat-abi=soft -mthumb -Wl,--start-group -lc -lm -Wl,--end-group
d:\stm32cubeide_1.12.1\stm32cubeide\plugins\com.st.stm32cube.ide.mcu.externaltools.gnu-tools-for-stm32.10.3-2021.10.win32_1.0.200.202301161003\tools\arm-none-eabi\bin\ld.exe:K:\repositorio\sensorlessESC_MyEP_CASTEL\PRUEBAS_ASINCRONO\funcionando_sincronico_v2\STM32F103C8TX_FLASH.ld:88: non constant or forward reference address expression for section .ARM.extab
collect2.exe: error: ld returned 1 exit status
make: *** [makefile:70: funciona_una_direccion_conmutacion_mala.elf] Error 1
"make -j16 all" terminated with exit code 2. Build might be incomplete.

14:29:47 Build Failed. 2 errors, 1 warnings. (took 909ms)

